<?xml version="1.0" encoding="UTF-8"?>
<!-- Generated by org.testng.reporters.JUnitReportReporter -->
<testsuite hostname="DESKTOP-NH8VQT3" failures="0" tests="1" name="com.test.JavaTestPrograms" time="27.432" errors="0" timestamp="2024-05-15T17:58:17 IST" skipped="0">
  <testcase classname="com.test.JavaTestPrograms" name="removeDuplicateString" time="27.432"/>
  <system-out/>
</testsuite> <!-- com.test.JavaTestPrograms -->
