<?xml version="1.0" encoding="UTF-8"?>
<!-- Generated by org.testng.reporters.JUnitReportReporter -->
<testsuite hostname="DESKTOP-NH8VQT3" failures="0" tests="1" name="com.test.Base" time="3.806" errors="0" timestamp="2024-04-03T16:22:28 IST" skipped="0">
  <testcase classname="com.test.Base" name="test" time="3.806"/>
  <system-out/>
</testsuite> <!-- com.test.Base -->
